2023-11-06 20:43:44,668 [INFO] Activator:177 - 


2023-11-06 20:43:44,669 [INFO] Activator:178 - !SESSION log4j initialized
2023-11-06 20:43:47,523 [INFO] McuFinderGlobals:39 - Set McuFinder mode to 2 (CubeIDE integrated)
2023-11-06 20:43:47,745 [INFO] ApplicationProperties:181 - Using Application install path: D:\STM32CubeIDE_1.7.0\STM32CubeIDE\plugins\com.st.stm32cube.common.mx_6.3.0.202107141111
2023-11-06 20:43:47,753 [INFO] DbMcusXml:74 - Set database path to: D:\STM32CubeIDE_1.7.0\STM32CubeIDE\plugins\com.st.stm32cube.common.mx_6.3.0.202107141111\\db\/mcu/
2023-11-06 20:43:47,755 [INFO] DbBoardsPdsc:56 - Set plugin database path to: D:\STM32CubeIDE_1.7.0\STM32CubeIDE\plugins\com.st.stm32cube.common.mx_6.3.0.202107141111\\db\/plugins/boardmanager/
2023-11-06 20:43:47,755 [INFO] DbMcus:258 - Set plugin images path to: D:\STM32CubeIDE_1.7.0\STM32CubeIDE\plugins\com.st.stm32cube.common.mx_6.3.0.202107141111\\db\/plugins/mcufinder/images/
2023-11-06 20:43:47,755 [INFO] DbBoards:264 - Set plugin images path to: D:\STM32CubeIDE_1.7.0\STM32CubeIDE\plugins\com.st.stm32cube.common.mx_6.3.0.202107141111\\db\/plugins/mcufinder/images/
2023-11-06 20:43:47,757 [INFO] DbExamples:333 - Set plugin images path to: D:\STM32CubeIDE_1.7.0\STM32CubeIDE\plugins\com.st.stm32cube.common.mx_6.3.0.202107141111\\db\/plugins/mcufinder/images/
2023-11-06 20:43:47,759 [INFO] DbMcusAds:119 - Set database path to: C:\Users\Acer\.stmcufinder\plugins\mcufinder//mcu/
2023-11-06 20:43:47,760 [INFO] DbMcusDocs:110 - Set database path to: C:\Users\Acer\.stmcufinder\plugins\mcufinder//mcu/
2023-11-06 20:43:47,761 [INFO] DbMcusJson:64 - Set database path to: C:\Users\Acer\.stmcufinder\plugins\mcufinder//mcu/
2023-11-06 20:43:47,761 [INFO] DbBoardsDocs:110 - Set database path to: C:\Users\Acer\.stmcufinder\plugins\mcufinder//mcu/
2023-11-06 20:43:47,762 [INFO] DbBoardsJson:57 - Set database path to: C:\Users\Acer\.stmcufinder\plugins\mcufinder//mcu/
2023-11-06 20:43:47,763 [INFO] CrossReferenceDbSqlite:196 - Set database path to: C:\Users\Acer\.stmcufinder\plugins\mcufinder//mcu/cs/
2023-11-06 20:43:47,765 [INFO] DbExamplesSqlite:767 - Set database path to: C:\Users\Acer\.stmcufinder\plugins\mcufinder//mcu/
2023-11-06 20:43:47,820 [INFO] RulesReader:57 - Compatibility file has been processed (242 Rules)
2023-11-06 20:43:47,871 [INFO] DbMcusXml:74 - Set database path to: D:\STM32CubeIDE_1.7.0\STM32CubeIDE\plugins\com.st.stm32cube.common.mx_6.3.0.202107141111\\db\/mcu/
2023-11-06 20:43:47,872 [INFO] DbBoardsPdsc:56 - Set plugin database path to: D:\STM32CubeIDE_1.7.0\STM32CubeIDE\plugins\com.st.stm32cube.common.mx_6.3.0.202107141111\\db\/plugins/boardmanager/
2023-11-06 20:43:47,872 [INFO] DbMcus:258 - Set plugin images path to: D:\STM32CubeIDE_1.7.0\STM32CubeIDE\plugins\com.st.stm32cube.common.mx_6.3.0.202107141111\\db\/plugins/mcufinder/images/
2023-11-06 20:43:47,872 [INFO] DbBoards:264 - Set plugin images path to: D:\STM32CubeIDE_1.7.0\STM32CubeIDE\plugins\com.st.stm32cube.common.mx_6.3.0.202107141111\\db\/plugins/mcufinder/images/
2023-11-06 20:43:47,872 [INFO] DbExamples:333 - Set plugin images path to: D:\STM32CubeIDE_1.7.0\STM32CubeIDE\plugins\com.st.stm32cube.common.mx_6.3.0.202107141111\\db\/plugins/mcufinder/images/
2023-11-06 20:43:47,872 [WARN] DbFile:35 - Overriding database path with different value: C:\Users\Acer\.stmcufinder\plugins\mcufinder/ => C:\Users\Acer\.stmcufinder\plugins\mcufinder
2023-11-06 20:43:47,872 [INFO] DbMcusAds:119 - Set database path to: C:\Users\Acer\.stmcufinder\plugins\mcufinder//mcu/
2023-11-06 20:43:47,873 [WARN] DbFile:35 - Overriding database path with different value: C:\Users\Acer\.stmcufinder\plugins\mcufinder/ => C:\Users\Acer\.stmcufinder\plugins\mcufinder
2023-11-06 20:43:47,873 [INFO] DbMcusDocs:110 - Set database path to: C:\Users\Acer\.stmcufinder\plugins\mcufinder//mcu/
2023-11-06 20:43:47,873 [WARN] DbFile:35 - Overriding database path with different value: C:\Users\Acer\.stmcufinder\plugins\mcufinder/ => C:\Users\Acer\.stmcufinder\plugins\mcufinder
2023-11-06 20:43:47,873 [INFO] DbMcusJson:64 - Set database path to: C:\Users\Acer\.stmcufinder\plugins\mcufinder//mcu/
2023-11-06 20:43:47,873 [WARN] DbFile:35 - Overriding database path with different value: C:\Users\Acer\.stmcufinder\plugins\mcufinder/ => C:\Users\Acer\.stmcufinder\plugins\mcufinder
2023-11-06 20:43:47,873 [INFO] DbBoardsDocs:110 - Set database path to: C:\Users\Acer\.stmcufinder\plugins\mcufinder//mcu/
2023-11-06 20:43:47,873 [WARN] DbFile:35 - Overriding database path with different value: C:\Users\Acer\.stmcufinder\plugins\mcufinder/ => C:\Users\Acer\.stmcufinder\plugins\mcufinder
2023-11-06 20:43:47,873 [INFO] DbBoardsJson:57 - Set database path to: C:\Users\Acer\.stmcufinder\plugins\mcufinder//mcu/
2023-11-06 20:43:47,873 [WARN] DbFile:35 - Overriding database path with different value: C:\Users\Acer\.stmcufinder\plugins\mcufinder/ => C:\Users\Acer\.stmcufinder\plugins\mcufinder
2023-11-06 20:43:47,873 [WARN] DbFile:35 - Overriding database path with different value: C:\Users\Acer\.stmcufinder\plugins\mcufinder/ => C:\Users\Acer\.stmcufinder\plugins\mcufinder
2023-11-06 20:43:47,873 [INFO] CrossReferenceDbSqlite:196 - Set database path to: C:\Users\Acer\.stmcufinder\plugins\mcufinder//mcu/cs/
2023-11-06 20:43:47,873 [WARN] DbFile:35 - Overriding database path with different value: C:\Users\Acer\.stmcufinder\plugins\mcufinder/ => C:\Users\Acer\.stmcufinder\plugins\mcufinder
2023-11-06 20:43:47,873 [INFO] DbExamplesSqlite:767 - Set database path to: C:\Users\Acer\.stmcufinder\plugins\mcufinder//mcu/
2023-11-06 20:43:47,917 [INFO] MainPanel:214 - HeapMemory: 268435456
2023-11-06 20:43:47,972 [INFO] DbMcusXml:74 - Set database path to: D:\STM32CubeIDE_1.7.0\STM32CubeIDE\plugins\com.st.stm32cube.common.mx_6.3.0.202107141111\\db\/mcu/
2023-11-06 20:43:47,973 [INFO] DbBoardsPdsc:56 - Set plugin database path to: D:\STM32CubeIDE_1.7.0\STM32CubeIDE\plugins\com.st.stm32cube.common.mx_6.3.0.202107141111\\db\/plugins/boardmanager/
2023-11-06 20:43:47,973 [INFO] DbMcus:258 - Set plugin images path to: D:\STM32CubeIDE_1.7.0\STM32CubeIDE\plugins\com.st.stm32cube.common.mx_6.3.0.202107141111\\db\/plugins/mcufinder/images/
2023-11-06 20:43:47,973 [INFO] DbBoards:264 - Set plugin images path to: D:\STM32CubeIDE_1.7.0\STM32CubeIDE\plugins\com.st.stm32cube.common.mx_6.3.0.202107141111\\db\/plugins/mcufinder/images/
2023-11-06 20:43:47,973 [INFO] DbExamples:333 - Set plugin images path to: D:\STM32CubeIDE_1.7.0\STM32CubeIDE\plugins\com.st.stm32cube.common.mx_6.3.0.202107141111\\db\/plugins/mcufinder/images/
2023-11-06 20:43:47,973 [WARN] DbFile:35 - Overriding database path with different value: C:\Users\Acer\.stmcufinder\plugins\mcufinder/ => C:\Users\Acer\.stmcufinder\plugins\mcufinder
2023-11-06 20:43:47,973 [INFO] DbMcusAds:119 - Set database path to: C:\Users\Acer\.stmcufinder\plugins\mcufinder//mcu/
2023-11-06 20:43:47,973 [WARN] DbFile:35 - Overriding database path with different value: C:\Users\Acer\.stmcufinder\plugins\mcufinder/ => C:\Users\Acer\.stmcufinder\plugins\mcufinder
2023-11-06 20:43:47,973 [INFO] DbMcusDocs:110 - Set database path to: C:\Users\Acer\.stmcufinder\plugins\mcufinder//mcu/
2023-11-06 20:43:47,973 [WARN] DbFile:35 - Overriding database path with different value: C:\Users\Acer\.stmcufinder\plugins\mcufinder/ => C:\Users\Acer\.stmcufinder\plugins\mcufinder
2023-11-06 20:43:47,973 [INFO] DbMcusJson:64 - Set database path to: C:\Users\Acer\.stmcufinder\plugins\mcufinder//mcu/
2023-11-06 20:43:47,973 [WARN] DbFile:35 - Overriding database path with different value: C:\Users\Acer\.stmcufinder\plugins\mcufinder/ => C:\Users\Acer\.stmcufinder\plugins\mcufinder
2023-11-06 20:43:47,974 [INFO] DbBoardsDocs:110 - Set database path to: C:\Users\Acer\.stmcufinder\plugins\mcufinder//mcu/
2023-11-06 20:43:47,974 [WARN] DbFile:35 - Overriding database path with different value: C:\Users\Acer\.stmcufinder\plugins\mcufinder/ => C:\Users\Acer\.stmcufinder\plugins\mcufinder
2023-11-06 20:43:47,974 [INFO] DbBoardsJson:57 - Set database path to: C:\Users\Acer\.stmcufinder\plugins\mcufinder//mcu/
2023-11-06 20:43:47,974 [WARN] DbFile:35 - Overriding database path with different value: C:\Users\Acer\.stmcufinder\plugins\mcufinder/ => C:\Users\Acer\.stmcufinder\plugins\mcufinder
2023-11-06 20:43:47,974 [WARN] DbFile:35 - Overriding database path with different value: C:\Users\Acer\.stmcufinder\plugins\mcufinder/ => C:\Users\Acer\.stmcufinder\plugins\mcufinder
2023-11-06 20:43:47,974 [INFO] CrossReferenceDbSqlite:196 - Set database path to: C:\Users\Acer\.stmcufinder\plugins\mcufinder//mcu/cs/
2023-11-06 20:43:47,974 [WARN] DbFile:35 - Overriding database path with different value: C:\Users\Acer\.stmcufinder\plugins\mcufinder/ => C:\Users\Acer\.stmcufinder\plugins\mcufinder
2023-11-06 20:43:47,974 [INFO] DbExamplesSqlite:767 - Set database path to: C:\Users\Acer\.stmcufinder\plugins\mcufinder//mcu/
2023-11-06 20:43:47,985 [INFO] ApplicationProperties:181 - Using Application install path: D:\STM32CubeIDE_1.7.0\STM32CubeIDE\plugins\com.st.stm32cube.common.mx_6.3.0.202107141111
2023-11-06 20:43:47,986 [INFO] PluginManage:188 - Search for loadable plugins [exclusion list=, ]
2023-11-06 20:43:47,986 [INFO] PluginManage:302 - Check plugin analytics
2023-11-06 20:43:48,078 [INFO] AnalyticsPlugin:257 - Accepted Software Licenses: 
2023-11-06 20:43:48,078 [INFO] AnalyticsPlugin:259 - Accepted CMSIS Pack Licenses: 
2023-11-06 20:43:48,078 [INFO] AnalyticsPlugin:261 - Accepted Firmware Licenses: 
2023-11-06 20:43:48,078 [INFO] PluginManage:352 - Loaded plugin analytics (category:tool,tabindex:-1)
2023-11-06 20:43:48,079 [INFO] PluginManage:302 - Check plugin clock
2023-11-06 20:43:48,084 [INFO] PluginManage:352 - Loaded plugin clock (category:base,tabindex:2)
2023-11-06 20:43:48,084 [INFO] PluginManage:302 - Check plugin ddr
2023-11-06 20:43:48,085 [INFO] PluginManage:352 - Loaded plugin ddr (category:tool,tabindex:6)
2023-11-06 20:43:48,085 [INFO] PluginManage:302 - Check plugin filemanager
2023-11-06 20:43:48,158 [INFO] PluginManage:352 - Loaded plugin filemanager (category:base,tabindex:10)
2023-11-06 20:43:48,159 [INFO] PluginManage:302 - Check plugin ipmanager
2023-11-06 20:43:48,163 [INFO] PluginManage:352 - Loaded plugin ipmanager (category:base,tabindex:5)
2023-11-06 20:43:48,164 [INFO] PluginManage:302 - Check plugin pinoutandconfiguration
2023-11-06 20:43:48,168 [INFO] PluginManage:352 - Loaded plugin pinoutandconfiguration (category:base,tabindex:1)
2023-11-06 20:43:48,168 [INFO] PluginManage:302 - Check plugin pinoutconfig
2023-11-06 20:43:48,183 [INFO] PluginManage:352 - Loaded plugin pinoutconfig (category:base,tabindex:0)
2023-11-06 20:43:48,183 [INFO] PluginManage:302 - Check plugin power
2023-11-06 20:43:48,189 [INFO] PluginManage:352 - Loaded plugin power (category:power,tabindex:4)
2023-11-06 20:43:48,189 [INFO] PluginManage:302 - Check plugin projectmanager
2023-11-06 20:43:48,198 [INFO] PluginManage:352 - Loaded plugin projectmanager (category:projectmanager,tabindex:3)
2023-11-06 20:43:48,198 [INFO] PluginManage:302 - Check plugin thirdparty
2023-11-06 20:43:48,284 [INFO] PluginManage:352 - Loaded plugin thirdparty (category:base,tabindex:-1)
2023-11-06 20:43:48,284 [WARN] IntegrityCheckThread:78 - waiting for thirdparty lock release [integrity check]
2023-11-06 20:43:48,284 [INFO] PluginManage:302 - Check plugin tools
2023-11-06 20:43:48,284 [INFO] IntegrityCheckThread:80 - entering critical section [integrity check]
2023-11-06 20:43:48,284 [INFO] ThirdPartyUpdaterWithRetryManager:66 - Updater plugin not ready yet. [1/15]
2023-11-06 20:43:48,285 [INFO] PluginManage:352 - Loaded plugin tools (category:base,tabindex:7)
2023-11-06 20:43:48,285 [INFO] PluginManage:302 - Check plugin tutovideos
2023-11-06 20:43:48,407 [INFO] PluginManage:352 - Loaded plugin tutovideos (category:base,tabindex:-1)
2023-11-06 20:43:48,407 [INFO] PluginManage:302 - Check plugin updater
2023-11-06 20:43:48,414 [INFO] PluginManage:352 - Loaded plugin updater (category:base,tabindex:12)
2023-11-06 20:43:48,415 [INFO] PluginManage:275 - PluginManage : Loaded plugins [13]
2023-11-06 20:43:48,509 [INFO] PinOutPanel:1463 - setPackage(No Configuration,No Configuration)
2023-11-06 20:43:48,559 [INFO] IPUIPlugin:74 - create IPUIPlugin
2023-11-06 20:43:48,559 [INFO] PluginManager:213 - loadIPPluginJar : add adc
2023-11-06 20:43:48,560 [INFO] IPUIPlugin:74 - create IPUIPlugin
2023-11-06 20:43:48,560 [INFO] PluginManager:213 - loadIPPluginJar : add aes
2023-11-06 20:43:48,561 [INFO] IPUIPlugin:74 - create IPUIPlugin
2023-11-06 20:43:48,561 [INFO] PluginManager:213 - loadIPPluginJar : add can
2023-11-06 20:43:48,562 [INFO] IPUIPlugin:74 - create IPUIPlugin
2023-11-06 20:43:48,562 [INFO] PluginManager:213 - loadIPPluginJar : add comp
2023-11-06 20:43:48,563 [INFO] IPUIPlugin:74 - create IPUIPlugin
2023-11-06 20:43:48,563 [INFO] PluginManager:213 - loadIPPluginJar : add cryp
2023-11-06 20:43:48,564 [INFO] IPUIPlugin:74 - create IPUIPlugin
2023-11-06 20:43:48,564 [INFO] PluginManager:213 - loadIPPluginJar : add dfsdm
2023-11-06 20:43:48,567 [INFO] IPUIPlugin:74 - create IPUIPlugin
2023-11-06 20:43:48,568 [INFO] PluginManager:213 - loadIPPluginJar : add dma
2023-11-06 20:43:48,569 [INFO] IPUIPlugin:74 - create IPUIPlugin
2023-11-06 20:43:48,569 [INFO] PluginManager:213 - loadIPPluginJar : add dma3
2023-11-06 20:43:48,570 [INFO] IPUIPlugin:74 - create IPUIPlugin
2023-11-06 20:43:48,570 [INFO] PluginManager:213 - loadIPPluginJar : add fatfs
2023-11-06 20:43:48,572 [INFO] IPUIPlugin:74 - create IPUIPlugin
2023-11-06 20:43:48,572 [INFO] PluginManager:213 - loadIPPluginJar : add fmc
2023-11-06 20:43:48,575 [INFO] IPUIPlugin:74 - create IPUIPlugin
2023-11-06 20:43:48,575 [INFO] PluginManager:213 - loadIPPluginJar : add freertos
2023-11-06 20:43:48,576 [INFO] IPUIPlugin:74 - create IPUIPlugin
2023-11-06 20:43:48,576 [INFO] PluginManager:213 - loadIPPluginJar : add genericplugin
2023-11-06 20:43:48,577 [INFO] IPUIPlugin:74 - create IPUIPlugin
2023-11-06 20:43:48,577 [INFO] PluginManager:213 - loadIPPluginJar : add gfxmmu
2023-11-06 20:43:48,579 [INFO] IPUIPlugin:74 - create IPUIPlugin
2023-11-06 20:43:48,579 [INFO] PluginManager:213 - loadIPPluginJar : add gic
2023-11-06 20:43:48,581 [INFO] IPUIPlugin:74 - create IPUIPlugin
2023-11-06 20:43:48,581 [INFO] PluginManager:213 - loadIPPluginJar : add gpio
2023-11-06 20:43:48,582 [INFO] IPUIPlugin:74 - create IPUIPlugin
2023-11-06 20:43:48,583 [INFO] PluginManager:213 - loadIPPluginJar : add gtzc
2023-11-06 20:43:48,584 [INFO] IPUIPlugin:74 - create IPUIPlugin
2023-11-06 20:43:48,584 [INFO] PluginManager:213 - loadIPPluginJar : add hash
2023-11-06 20:43:48,585 [INFO] IPUIPlugin:74 - create IPUIPlugin
2023-11-06 20:43:48,585 [INFO] PluginManager:213 - loadIPPluginJar : add i2c
2023-11-06 20:43:48,586 [INFO] IPUIPlugin:74 - create IPUIPlugin
2023-11-06 20:43:48,586 [INFO] PluginManager:213 - loadIPPluginJar : add i2s
2023-11-06 20:43:48,588 [INFO] IPUIPlugin:74 - create IPUIPlugin
2023-11-06 20:43:48,588 [INFO] PluginManager:213 - loadIPPluginJar : add ipddr
2023-11-06 20:43:48,592 [INFO] IPUIPlugin:74 - create IPUIPlugin
2023-11-06 20:43:48,592 [INFO] PluginManager:213 - loadIPPluginJar : add linkedlist
2023-11-06 20:43:48,593 [INFO] IPUIPlugin:74 - create IPUIPlugin
2023-11-06 20:43:48,593 [INFO] PluginManager:213 - loadIPPluginJar : add lorawan
2023-11-06 20:43:48,594 [INFO] IPUIPlugin:74 - create IPUIPlugin
2023-11-06 20:43:48,594 [INFO] PluginManager:213 - loadIPPluginJar : add ltdc
2023-11-06 20:43:48,595 [INFO] IPUIPlugin:74 - create IPUIPlugin
2023-11-06 20:43:48,596 [INFO] PluginManager:213 - loadIPPluginJar : add mdma
2023-11-06 20:43:48,597 [INFO] IPUIPlugin:74 - create IPUIPlugin
2023-11-06 20:43:48,597 [INFO] PluginManager:213 - loadIPPluginJar : add nvic
2023-11-06 20:43:48,598 [INFO] IPUIPlugin:74 - create IPUIPlugin
2023-11-06 20:43:48,598 [INFO] PluginManager:213 - loadIPPluginJar : add opamp
2023-11-06 20:43:48,600 [INFO] IPUIPlugin:74 - create IPUIPlugin
2023-11-06 20:43:48,600 [INFO] PluginManager:213 - loadIPPluginJar : add openamp
2023-11-06 20:43:48,601 [INFO] IPUIPlugin:74 - create IPUIPlugin
2023-11-06 20:43:48,601 [INFO] PluginManager:213 - loadIPPluginJar : add pdm2pcm
2023-11-06 20:43:48,604 [INFO] IPUIPlugin:74 - create IPUIPlugin
2023-11-06 20:43:48,606 [INFO] PluginManager:213 - loadIPPluginJar : add plateformsettings
2023-11-06 20:43:48,607 [INFO] IPUIPlugin:74 - create IPUIPlugin
2023-11-06 20:43:48,607 [INFO] PluginManager:213 - loadIPPluginJar : add quadspi
2023-11-06 20:43:48,608 [INFO] IPUIPlugin:74 - create IPUIPlugin
2023-11-06 20:43:48,608 [INFO] PluginManager:213 - loadIPPluginJar : add resmgrutility
2023-11-06 20:43:48,610 [INFO] IPUIPlugin:74 - create IPUIPlugin
2023-11-06 20:43:48,610 [INFO] PluginManager:213 - loadIPPluginJar : add sai
2023-11-06 20:43:48,611 [INFO] IPUIPlugin:74 - create IPUIPlugin
2023-11-06 20:43:48,611 [INFO] PluginManager:213 - loadIPPluginJar : add spi
2023-11-06 20:43:48,613 [INFO] IPUIPlugin:74 - create IPUIPlugin
2023-11-06 20:43:48,613 [INFO] PluginManager:213 - loadIPPluginJar : add stm32_wpan
2023-11-06 20:43:48,614 [INFO] IPUIPlugin:74 - create IPUIPlugin
2023-11-06 20:43:48,614 [INFO] PluginManager:213 - loadIPPluginJar : add tim
2023-11-06 20:43:48,615 [INFO] IPUIPlugin:74 - create IPUIPlugin
2023-11-06 20:43:48,615 [INFO] PluginManager:213 - loadIPPluginJar : add touchsensing
2023-11-06 20:43:48,616 [INFO] IPUIPlugin:74 - create IPUIPlugin
2023-11-06 20:43:48,616 [INFO] PluginManager:213 - loadIPPluginJar : add tracer_emb
2023-11-06 20:43:48,617 [INFO] IPUIPlugin:74 - create IPUIPlugin
2023-11-06 20:43:48,617 [INFO] PluginManager:213 - loadIPPluginJar : add ts
2023-11-06 20:43:48,618 [INFO] IPUIPlugin:74 - create IPUIPlugin
2023-11-06 20:43:48,618 [INFO] PluginManager:213 - loadIPPluginJar : add tsc
2023-11-06 20:43:48,618 [INFO] IPUIPlugin:74 - create IPUIPlugin
2023-11-06 20:43:48,619 [INFO] PluginManager:213 - loadIPPluginJar : add ucpd
2023-11-06 20:43:48,620 [INFO] IPUIPlugin:74 - create IPUIPlugin
2023-11-06 20:43:48,620 [INFO] PluginManager:213 - loadIPPluginJar : add usart
2023-11-06 20:43:48,621 [INFO] IPUIPlugin:74 - create IPUIPlugin
2023-11-06 20:43:48,621 [INFO] PluginManager:213 - loadIPPluginJar : add usbx
2023-11-06 20:43:48,828 [FATAL] Updater:294 - Updater called before beeing initialized
2023-11-06 20:43:48,889 [FATAL] Updater:294 - Updater called before beeing initialized
2023-11-06 20:43:48,892 [INFO] DbMcusAds:47 - JSON generation date=Tue Mar 07 15:50:55 ICT 2023 (1678179055335)
2023-11-06 20:43:48,892 [FATAL] Updater:294 - Updater called before beeing initialized
2023-11-06 20:43:48,915 [WARN] DetailPanel:314 - Failed to get advertising image, set to default
2023-11-06 20:43:48,972 [FATAL] Updater:294 - Updater called before beeing initialized
2023-11-06 20:43:48,974 [FATAL] Updater:294 - Updater called before beeing initialized
2023-11-06 20:43:48,974 [FATAL] Updater:294 - Updater called before beeing initialized
2023-11-06 20:43:48,974 [WARN] DetailPanel:314 - Failed to get advertising image, set to default
2023-11-06 20:43:48,975 [FATAL] Updater:294 - Updater called before beeing initialized
2023-11-06 20:43:49,003 [ERROR] Updater:1075 - MainUpdater not yet initialized. External WinMGr cannot be set.
2023-11-06 20:43:49,004 [INFO] Updater:1012 - Updater Version found : 6.3.0
2023-11-06 20:43:49,016 [INFO] ApplicationProperties:181 - Using Application install path: D:\STM32CubeIDE_1.7.0\STM32CubeIDE\plugins\com.st.stm32cube.common.mx_6.3.0.202107141111
2023-11-06 20:43:49,215 [INFO] MainUpdater:2671 - connection check result : 10
2023-11-06 20:43:49,215 [INFO] MainUpdater:265 - Updater Check For Update Now.
2023-11-06 20:43:49,216 [INFO] MicroXplorer:478 - Change Database Version : DB.6.0.30
2023-11-06 20:43:49,350 [INFO] CheckServerUpdateThread:112 - End of CheckServer Thread
2023-11-06 20:43:49,421 [INFO] MainUpdater:2671 - connection check result : 10
2023-11-06 20:43:49,532 [INFO] McuFinderGlobals:52 - Set McuFinderConnectedMode to false
2023-11-06 20:43:49,587 [INFO] CrossSelectorPresenter:1330 - Cross Selector saved comparison directory: C:\Users\Acer\.stmcufinder\plugins\mcufinder\mcu\cs_comparisons_mx
2023-11-06 20:43:49,591 [INFO] MultiScanPanel:197 - Auto-refresh data requested => check proxy status ongoing
2023-11-06 20:43:49,591 [INFO] MultiScanPanel:201 - Proxy status is invalid
2023-11-06 20:43:49,594 [INFO] FinderPluginLoader:87 - Searching for filters in installed packs
2023-11-06 20:43:49,594 [INFO] DbMcusXml:100 - Load MCU database from D:\STM32CubeIDE_1.7.0\STM32CubeIDE\plugins\com.st.stm32cube.common.mx_6.3.0.202107141111\\db\/mcu/families.xml
2023-11-06 20:43:50,141 [INFO] DbMcusJson:93 - JSON generation date=Tue Nov 16 23:17:54 ICT 2021 (1637079474)
2023-11-06 20:43:50,595 [INFO] DbMcus:175 - Found 1951 MCUs (1903 are supported by CubeMX, 1914 are visible in CubeMX)
2023-11-06 20:43:50,595 [INFO] ApiDb:251 - Load user favorites file C:\Users\Acer/.stm32cubeide/favorites.mcus.txt: 0 item(s)
2023-11-06 20:43:50,595 [INFO] ApiDb:255 - User favorites MCUs=[]
2023-11-06 20:43:50,595 [INFO] DbMcus:187 - Set 0 / 0 favorites MCUs
2023-11-06 20:43:50,888 [INFO] DetailPanel:309 - Set advertising image to C:/Users/Acer/STM32Cube/Repository/\en.prom-stm32h5-mcu-finder.jpg
2023-11-06 20:43:51,137 [INFO] DbBoardsPdsc:90 - Found 25 items
2023-11-06 20:43:51,140 [INFO] DbBoardsPdsc:90 - Found 9 items
2023-11-06 20:43:51,143 [INFO] DbBoardsPdsc:90 - Found 33 items
2023-11-06 20:43:51,146 [INFO] DbBoardsPdsc:90 - Found 1 items
2023-11-06 20:43:51,150 [INFO] DbBoardsPdsc:90 - Found 48 items
2023-11-06 20:43:51,154 [INFO] DbBoardsPdsc:90 - Found 43 items
2023-11-06 20:43:51,156 [INFO] DbBoardsPdsc:90 - Found 2 items
2023-11-06 20:43:51,157 [INFO] DbBoardsPdsc:90 - Found 5 items
2023-11-06 20:43:51,160 [WARN] DbBoardsPdsc:254 - Board STM32H7B3I-DK: unknown feature type=Audio, name=, username=Audio stereo codec with Headphone Amp (CS42L51-CNZ), n=1
2023-11-06 20:43:51,160 [WARN] DbBoardsPdsc:254 - Board STM32H735G-DK: unknown feature type=Audio, name=, username=Audio stereo codec with Headphone Amp (WM8994ECS/R), n=1
2023-11-06 20:43:51,161 [WARN] DbBoardsPdsc:254 - Board STM32H7B3I-EVAL: unknown feature type=Audio, name=, username=Multi-Channel Audio Codec (CS42L51-CNZ), n=1
2023-11-06 20:43:51,161 [WARN] DbBoardsPdsc:254 - Board STM32H7B3I-EVAL: unknown feature type=Meter, name=, username=Power-metering and Temperature-monitoring with sigma-delta modulators, n=1
2023-11-06 20:43:51,161 [WARN] DbBoardsPdsc:254 - Board STM32H7B3I-EVAL: unknown feature type=Motor, name=, username=Motor Control, n=1
2023-11-06 20:43:51,162 [WARN] DbBoardsPdsc:254 - Board STM32U575I-EV: unknown feature type=joystick, name=, username=4-direction joystick with selection button, n=1
2023-11-06 20:43:51,174 [INFO] DbBoardsJson:86 - JSON generation date=Tue Nov 16 23:17:54 ICT 2021 (1637079474)
2023-11-06 20:43:51,178 [INFO] DbBoards:117 - Found 167 boards (163 are supported by CubeMX)
2023-11-06 20:43:51,180 [INFO] DbBoardsDocs:143 - JSON generation date=Tue Nov 16 23:17:54 ICT 2021 (1637079474)
2023-11-06 20:43:51,182 [INFO] DbBoardsDocs:79 - Found 209 boards documents
2023-11-06 20:43:51,182 [WARN] DbBoards:127 - board B-L475E-IOT01A2 has no document id list !
2023-11-06 20:43:51,183 [WARN] DbBoards:127 - board NUCLEO-H743ZI has no document id list !
2023-11-06 20:43:51,184 [WARN] DbBoards:127 - board NUCLEO-WL55JC2 has no document id list !
2023-11-06 20:43:51,184 [WARN] DbBoards:127 - board P-NUCLEO-WB55-Nucleo has no document id list !
2023-11-06 20:43:51,184 [WARN] DbBoards:127 - board P-NUCLEO-WB55-USBDongle has no document id list !
2023-11-06 20:43:51,184 [WARN] DbBoards:127 - board STEVAL-BFA001V1B has no document id list !
2023-11-06 20:43:51,184 [WARN] DbBoards:127 - board STEVAL-BFA001V2B has no document id list !
2023-11-06 20:43:51,184 [WARN] DbBoards:127 - board STEVAL-IDP005V1 has no document id list !
2023-11-06 20:43:51,184 [WARN] DbBoards:127 - board STEVAL-IDP005V2 has no document id list !
2023-11-06 20:43:51,184 [WARN] DbBoards:127 - board STEVAL-MKSBOX1V1 has no document id list !
2023-11-06 20:43:51,184 [WARN] DbBoards:127 - board STEVAL-STWINKT1 has no document id list !
2023-11-06 20:43:51,184 [WARN] DbBoards:127 - board STEVAL-STWINKT1B has no document id list !
2023-11-06 20:43:51,184 [WARN] DbBoards:127 - board STM32439I-EVAL2 has no document id list !
2023-11-06 20:43:51,184 [WARN] DbBoards:127 - board STM32F401C-DISCO has no document id list !
2023-11-06 20:43:51,185 [WARN] DbBoards:127 - board STM32F769I-DISC1 has no document id list !
2023-11-06 20:43:51,185 [WARN] DbBoards:127 - board STM32G474E-EVAL1 has no document id list !
2023-11-06 20:43:51,185 [WARN] DbBoards:127 - board STM32H743I-EVAL2 has no document id list !
2023-11-06 20:43:51,185 [WARN] DbBoards:127 - board STM32H747I-DISC1 has no document id list !
2023-11-06 20:43:51,185 [WARN] DbBoards:127 - board STM32H753I-EVAL2 has no document id list !
2023-11-06 20:43:51,185 [WARN] DbBoards:127 - board STM32L-DISCOVERY has no document id list !
2023-11-06 20:43:51,269 [ERROR] DbBoards:189 - Image file not found for board B-U585I-IOT02A: D:\STM32CubeIDE_1.7.0\STM32CubeIDE\plugins\com.st.stm32cube.common.mx_6.3.0.202107141111\\db\/plugins/mcufinder/images/boards/B-U585I-IOT02A_small.jpg
2023-11-06 20:43:51,335 [ERROR] DbBoards:189 - Image file not found for board NUCLEO-F413ZH: D:\STM32CubeIDE_1.7.0\STM32CubeIDE\plugins\com.st.stm32cube.common.mx_6.3.0.202107141111\\db\/plugins/mcufinder/images/boards/nucleo-f413zh_small.jpg
2023-11-06 20:43:51,353 [ERROR] Engine:463 - C:\Users\Acer\.stm32cubemx\thirdparties\pdsc\STMicroelectronics.X-CUBE-SMBUS.2.1.0.pdsc: PDSC version is not supported
2023-11-06 20:43:51,398 [WARN] PackLoader:238 - Cannot read IP mode file for STMicroelectronics.X-CUBE-AZRTOS-F7.1.1.0
2023-11-06 20:43:51,405 [ERROR] Engine:463 - C:\Users\Acer\.stm32cubemx\thirdparties\pdsc\STMicroelectronics.FP-SNS-MOTENV1.4.3.2.pdsc: PDSC version is not supported
2023-11-06 20:43:51,407 [ERROR] Engine:463 - C:\Users\Acer\.stm32cubemx\thirdparties\pdsc\STMicroelectronics.X-CUBE-DISPLAY.3.0.0.pdsc: PDSC version is not supported
2023-11-06 20:43:51,408 [ERROR] Engine:463 - C:\Users\Acer\.stm32cubemx\thirdparties\pdsc\emotas.I-CUBE-CANOPEN.1.3.0.pdsc: PDSC version is not supported
2023-11-06 20:43:51,411 [WARN] PackLoader:238 - Cannot read IP mode file for STMicroelectronics.X-CUBE-TOUCHGFX.4.22.0
2023-11-06 20:43:51,412 [WARN] PackLoader:238 - Cannot read IP mode file for STMicroelectronics.X-CUBE-TOUCHGFX.4.22.1
2023-11-06 20:43:51,413 [ERROR] Engine:463 - C:\Users\Acer\.stm32cubemx\thirdparties\pdsc\STMicroelectronics.FP-SNS-SMARTAG2.1.2.0.pdsc: PDSC version is not supported
2023-11-06 20:43:51,420 [INFO] LogOutputStream:76 - [STDOUT_REDIRECT] 1 : Invalid condition id : UX_CORESTACK_Condition cause : null
2023-11-06 20:43:51,421 [INFO] LogOutputStream:76 - [STDOUT_REDIRECT] 1 : Invalid condition id : UX_CORESTACK_Condition cause : null
2023-11-06 20:43:51,421 [INFO] LogOutputStream:76 - [STDOUT_REDIRECT] 1 : Invalid condition id : UX_CORESTACK_Condition cause : null
2023-11-06 20:43:51,422 [INFO] LogOutputStream:76 - [STDOUT_REDIRECT] 1 : Invalid condition id : UX_CORESTACK_Condition cause : null
2023-11-06 20:43:51,423 [INFO] LogOutputStream:76 - [STDOUT_REDIRECT] 1 : Invalid condition id : UX_CORESTACK_Condition cause : null
2023-11-06 20:43:51,425 [WARN] PackLoader:238 - Cannot read IP mode file for STMicroelectronics.X-CUBE-AZRTOS-WL.2.0.0
2023-11-06 20:43:51,431 [WARN] PackLoader:238 - Cannot read IP mode file for WES.I-CUBE-Cesium.1.3.0
2023-11-06 20:43:51,436 [WARN] PackLoader:238 - Cannot read IP mode file for STMicroelectronics.X-CUBE-BLE2.3.3.0
2023-11-06 20:43:51,440 [WARN] PackLoader:238 - Cannot read IP mode file for STMicroelectronics.X-CUBE-ALGOBUILD.1.3.0
2023-11-06 20:43:51,453 [WARN] PackLoader:238 - Cannot read IP mode file for STMicroelectronics.X-CUBE-AZRTOS-G0.1.1.0
2023-11-06 20:43:51,459 [WARN] PackLoader:238 - Cannot read IP mode file for STMicroelectronics.X-CUBE-NFC4.3.0.0
2023-11-06 20:43:51,462 [ERROR] Engine:463 - C:\Users\Acer\.stm32cubemx\thirdparties\pdsc\STMicroelectronics.X-CUBE-BLEMGR.3.0.0.pdsc: PDSC version is not supported
2023-11-06 20:43:51,464 [WARN] PackLoader:238 - Cannot read IP mode file for STMicroelectronics.FP-ATR-SIGFOX1.3.2.0
2023-11-06 20:43:51,477 [ERROR] DbBoards:189 - Image file not found for board NUCLEO-L552ZE-Q: D:\STM32CubeIDE_1.7.0\STM32CubeIDE\plugins\com.st.stm32cube.common.mx_6.3.0.202107141111\\db\/plugins/mcufinder/images/boards/nucleo_l552ze_q_small.jpg
2023-11-06 20:43:51,477 [ERROR] DbBoards:189 - Image file not found for board NUCLEO-U575ZI-Q: D:\STM32CubeIDE_1.7.0\STM32CubeIDE\plugins\com.st.stm32cube.common.mx_6.3.0.202107141111\\db\/plugins/mcufinder/images/boards/nucleo-u575zi-q_small.jpg
2023-11-06 20:43:51,477 [ERROR] DbBoards:189 - Image file not found for board NUCLEO-WB15CC: D:\STM32CubeIDE_1.7.0\STM32CubeIDE\plugins\com.st.stm32cube.common.mx_6.3.0.202107141111\\db\/plugins/mcufinder/images/boards/nucleo-wb15cc_small.jpg
2023-11-06 20:43:51,477 [ERROR] DbBoards:189 - Image file not found for board NUCLEO-WB55RG: D:\STM32CubeIDE_1.7.0\STM32CubeIDE\plugins\com.st.stm32cube.common.mx_6.3.0.202107141111\\db\/plugins/mcufinder/images/boards/nucleo-wb55rg_small.jpg
2023-11-06 20:43:51,487 [WARN] PackLoader:238 - Cannot read IP mode file for SEGGER.I-CUBE-embOS.1.3.1
2023-11-06 20:43:51,527 [WARN] PackLoader:238 - Cannot read IP mode file for STMicroelectronics.X-CUBE-GNSS1.6.0.0
2023-11-06 20:43:51,541 [WARN] PackLoader:238 - Cannot read IP mode file for STMicroelectronics.X-CUBE-AZRTOS-F4.1.1.0
2023-11-06 20:43:51,546 [WARN] PackLoader:238 - Cannot read IP mode file for wolfSSL.I-CUBE-wolfSSL.5.6.3
2023-11-06 20:43:51,558 [WARN] PackLoader:238 - Cannot read IP mode file for STMicroelectronics.X-CUBE-AZRTOS-L5.2.0.0
2023-11-06 20:43:51,589 [WARN] PackLoader:238 - Cannot read IP mode file for STMicroelectronics.X-CUBE-MEMS1.9.6.0
2023-11-06 20:43:51,716 [WARN] PackLoader:238 - Cannot read IP mode file for STMicroelectronics.X-CUBE-EEPRMA1.4.2.0
2023-11-06 20:43:51,718 [ERROR] Engine:463 - C:\Users\Acer\.stm32cubemx\thirdparties\pdsc\ITTIA_DB.I-CUBE-ITTIADB.8.8.0.pdsc: PDSC version is not supported
2023-11-06 20:43:51,723 [WARN] PackLoader:238 - Cannot read IP mode file for STMicroelectronics.X-CUBE-BLEMGR.2.0.0
2023-11-06 20:43:51,736 [WARN] ConditionMgr:437 - getConditionDescription Invalid condition id : UX DEVICE CLASS RTOS Condition cause : null
2023-11-06 20:43:51,737 [WARN] ConditionMgr:437 - getConditionDescription Invalid condition id : UX DEVICE CLASS RTOS Condition cause : null
2023-11-06 20:43:51,739 [WARN] PackLoader:238 - Cannot read IP mode file for STMicroelectronics.X-CUBE-AZRTOS-H7.3.1.0
2023-11-06 20:43:51,739 [WARN] ConditionMgr:1038 - genDependencies : Invalid condition id : UX DEVICE CLASS RTOS Condition cause : null
2023-11-06 20:43:51,739 [WARN] ConditionMgr:1038 - genDependencies : Invalid condition id : UX DEVICE CLASS RTOS Condition cause : null
2023-11-06 20:43:51,740 [WARN] ConditionMgr:1038 - genDependencies : Invalid condition id : UX DEVICE CLASS RTOS Condition cause : null
2023-11-06 20:43:51,740 [WARN] ConditionMgr:1038 - genDependencies : Invalid condition id : UX DEVICE CLASS RTOS Condition cause : null
2023-11-06 20:43:51,740 [WARN] ConditionMgr:1038 - genDependencies : Invalid condition id : UX DEVICE CLASS RTOS Condition cause : null
2023-11-06 20:43:51,744 [WARN] PackLoader:238 - Cannot read IP mode file for STMicroelectronics.X-CUBE-NFC7.1.0.1
2023-11-06 20:43:51,749 [WARN] PackLoader:238 - Cannot read IP mode file for STMicroelectronics.X-CUBE-NFC6.3.0.0
2023-11-06 20:43:51,752 [WARN] PackLoader:238 - Cannot read IP mode file for STMicroelectronics.X-CUBE-EEPRMA1.4.1.0
2023-11-06 20:43:51,766 [WARN] ConditionMgr:437 - getConditionDescription Invalid condition id : LAN8742 Phy interface Condition cause : null
2023-11-06 20:43:51,766 [WARN] PackLoader:238 - Cannot read IP mode file for STMicroelectronics.X-CUBE-AZRTOS-L4.2.0.0
2023-11-06 20:43:51,767 [WARN] ConditionMgr:1038 - genDependencies : Invalid condition id : LAN8742 Phy interface Condition cause : null
2023-11-06 20:43:51,767 [WARN] ConditionMgr:1038 - genDependencies : Invalid condition id : LAN8742 Phy interface Condition cause : null
2023-11-06 20:43:51,768 [WARN] ConditionMgr:1038 - genDependencies : Invalid condition id : LAN8742 Phy interface Condition cause : null
2023-11-06 20:43:51,772 [WARN] PackLoader:238 - Cannot read IP mode file for STMicroelectronics.X-CUBE-SFXS2LP1.4.0.0
2023-11-06 20:43:51,776 [WARN] PackLoader:238 - Cannot read IP mode file for STMicroelectronics.X-CUBE-ISPU.1.1.0
2023-11-06 20:43:51,791 [WARN] ConditionMgr:437 - getConditionDescription Invalid condition id : UX DEVICE CLASS RTOS Condition cause : null
2023-11-06 20:43:51,791 [WARN] ConditionMgr:437 - getConditionDescription Invalid condition id : UX DEVICE CLASS RTOS Condition cause : null
2023-11-06 20:43:51,793 [WARN] PackLoader:238 - Cannot read IP mode file for STMicroelectronics.X-CUBE-AZRTOS-WB.2.0.0
2023-11-06 20:43:51,794 [WARN] ConditionMgr:1038 - genDependencies : Invalid condition id : UX DEVICE CLASS RTOS Condition cause : null
2023-11-06 20:43:51,794 [WARN] ConditionMgr:1038 - genDependencies : Invalid condition id : UX DEVICE CLASS RTOS Condition cause : null
2023-11-06 20:43:51,794 [WARN] ConditionMgr:1038 - genDependencies : Invalid condition id : UX DEVICE CLASS RTOS Condition cause : null
2023-11-06 20:43:51,794 [WARN] ConditionMgr:1038 - genDependencies : Invalid condition id : UX DEVICE CLASS RTOS Condition cause : null
2023-11-06 20:43:51,794 [WARN] ConditionMgr:1038 - genDependencies : Invalid condition id : UX DEVICE CLASS RTOS Condition cause : null
2023-11-06 20:43:51,802 [WARN] PackLoader:238 - Cannot read IP mode file for STMicroelectronics.X-CUBE-SUBG2.5.0.0
2023-11-06 20:43:51,809 [ERROR] Engine:463 - C:\Users\Acer\.stm32cubemx\thirdparties\pdsc\STMicroelectronics.X-CUBE-TOF1.3.3.1.pdsc: PDSC version is not supported
2023-11-06 20:43:51,820 [WARN] PackLoader:238 - Cannot read IP mode file for STMicroelectronics.X-CUBE-AZRTOS-G4.2.0.0
2023-11-06 20:43:51,825 [ERROR] Engine:463 - C:\Users\Acer\.stm32cubemx\thirdparties\pdsc\Infineon.AIROC-Wi-Fi-Bluetooth-STM32.1.5.1.pdsc: PDSC version is not supported
2023-11-06 20:43:51,851 [WARN] PackLoader:238 - Cannot read IP mode file for STMicroelectronics.X-CUBE-MEMS1.10.0.0
2023-11-06 20:43:51,956 [ERROR] Engine:463 - C:\Users\Acer\.stm32cubemx\thirdparties\pdsc\STMicroelectronics.X-CUBE-FREERTOS.1.1.0.pdsc: PDSC version is not supported
2023-11-06 20:43:51,959 [WARN] PackLoader:238 - Cannot read IP mode file for portGmbH.I-Cube-SoM-uGOAL.1.1.0
2023-11-06 20:43:51,962 [WARN] PackLoader:238 - Cannot read IP mode file for STMicroelectronics.X-CUBE-ALS.1.0.1
2023-11-06 20:43:51,964 [WARN] PackLoader:238 - Cannot read IP mode file for STMicroelectronics.FP-ATR-ASTRA1.2.0.0
2023-11-06 20:43:51,964 [INFO] ThirdParty:915 - Integrity check success = true
2023-11-06 20:43:51,964 [INFO] IntegrityCheckThread:94 - exiting critical section [integrity check]
2023-11-06 20:43:51,964 [INFO] IntegrityCheckThread:97 - End integrity checks thread
2023-11-06 20:43:52,295 [INFO] ApiDb:251 - Load user favorites file C:\Users\Acer/.stm32cubeide/favorites.boards.txt: 0 item(s)
2023-11-06 20:43:52,295 [INFO] ApiDb:255 - User favorites Boards=[]
2023-11-06 20:43:52,295 [INFO] DbBoards:206 - Set 0 / 0 favorites Boards
2023-11-06 20:44:00,950 [INFO] DbMcusDocs:143 - JSON generation date=Tue Nov 16 23:17:54 ICT 2021 (1637079474)
2023-11-06 20:44:01,125 [INFO] DbMcusDocs:79 - Found 682 MCUs documents
2023-11-06 20:44:17,496 [INFO] MainUpdater:2671 - connection check result : 10
2023-11-06 20:44:17,497 [INFO] MainUpdater:2671 - connection check result : 10
2023-11-06 20:44:17,519 [INFO] MicroXplorer:448 - Change Database Path : 
2023-11-06 20:44:17,520 [INFO] MicroXplorer:478 - Change Database Version : DB.6.0.30
2023-11-06 20:44:17,520 [WARN] ThirdParty:813 - waiting for thirdparty lock release [close project]
2023-11-06 20:44:17,520 [INFO] ThirdParty:815 - entering critical section [close project]
2023-11-06 20:44:17,520 [INFO] ThirdParty:825 - exiting critical section [close project]
2023-11-06 20:44:17,523 [INFO] PinOutPanel:1463 - setPackage(No Configuration,No Configuration)
2023-11-06 20:44:17,523 [INFO] UtilMem:74 - Begin LoadConfig() Used Memory: 523602536 Bytes (545259520)
2023-11-06 20:44:17,524 [INFO] MicroXplorer:448 - Change Database Path : 
2023-11-06 20:44:17,524 [INFO] MicroXplorer:478 - Change Database Version : DB.6.0.30
2023-11-06 20:44:17,524 [INFO] OpenFileManager:313 - Change cursor
2023-11-06 20:44:17,912 [INFO] Context:592 - Trying to add GPIOservice into a context  which must be forbidden
2023-11-06 20:44:18,031 [INFO] ImportTextPane:167 - (OptionalMessage_ERROR) Unable to find key (Mcu.ThirdPartyNb) in loaded IOC file
2023-11-06 20:44:18,031 [INFO] ImportTextPane:167 - (OptionalMessage_ERROR) Unable to find key (Mcu.PinsNb) in loaded IOC file
2023-11-06 20:44:18,031 [INFO] ImportTextPane:167 - (OptionalMessage_ERROR) Unable to find key (Mcu.IPNb) in loaded IOC file
2023-11-06 20:44:18,058 [WARN] ApiManager:304 - Cannot register API 'Board Extension:GNSS1A1' from pack STMicroelectronics.X-CUBE-GNSS1.6.0.0: no header file found
2023-11-06 20:44:18,059 [WARN] ApiManager:304 - Cannot register API 'Board Support:Custom' from pack STMicroelectronics.X-CUBE-GNSS1.6.0.0: no header file found
2023-11-06 20:44:18,059 [WARN] ApiManager:304 - Cannot register API 'Data Exchange:lib_gnss' from pack STMicroelectronics.X-CUBE-GNSS1.6.0.0: no header file found
2023-11-06 20:44:18,063 [WARN] ModelIntegratedComponent:60 - No mode defined for component null
2023-11-06 20:44:18,063 [WARN] ModelIntegratedComponent:60 - No mode defined for component null
2023-11-06 20:44:18,063 [WARN] ModelIntegratedComponent:60 - No mode defined for component null
2023-11-06 20:44:18,064 [WARN] ModelIntegratedComponent:60 - No mode defined for component null
2023-11-06 20:44:18,064 [WARN] ModelIntegratedComponent:60 - No mode defined for component null
2023-11-06 20:44:18,064 [WARN] ModelIntegratedComponent:60 - No mode defined for component null
2023-11-06 20:44:18,064 [WARN] ModelIntegratedComponent:60 - No mode defined for component null
2023-11-06 20:44:18,064 [WARN] ModelIntegratedComponent:60 - No mode defined for component null
2023-11-06 20:44:18,064 [WARN] ModelIntegratedComponent:60 - No mode defined for component null
2023-11-06 20:44:18,064 [WARN] ModelIntegratedComponent:60 - No mode defined for component null
2023-11-06 20:44:18,064 [WARN] ModelIntegratedComponent:60 - No mode defined for component null
2023-11-06 20:44:18,064 [WARN] ModelIntegratedComponent:60 - No mode defined for component null
2023-11-06 20:44:18,064 [WARN] ModelIntegratedComponent:60 - No mode defined for component null
2023-11-06 20:44:18,064 [WARN] ModelIntegratedComponent:60 - No mode defined for component null
2023-11-06 20:44:18,064 [WARN] ModelIntegratedComponent:60 - No mode defined for component null
2023-11-06 20:44:18,064 [WARN] ModelIntegratedComponent:60 - No mode defined for component null
2023-11-06 20:44:18,064 [WARN] ModelIntegratedComponent:60 - No mode defined for component null
2023-11-06 20:44:18,064 [WARN] ModelIntegratedComponent:60 - No mode defined for component null
2023-11-06 20:44:18,064 [WARN] ModelIntegratedComponent:60 - No mode defined for component null
2023-11-06 20:44:18,064 [WARN] ModelIntegratedComponent:60 - No mode defined for component null
2023-11-06 20:44:18,064 [WARN] ModelIntegratedComponent:60 - No mode defined for component null
2023-11-06 20:44:18,064 [WARN] ModelIntegratedComponent:60 - No mode defined for component null
2023-11-06 20:44:18,064 [WARN] ModelIntegratedComponent:60 - No mode defined for component null
2023-11-06 20:44:18,064 [WARN] ModelIntegratedComponent:60 - No mode defined for component null
2023-11-06 20:44:18,064 [WARN] ModelIntegratedComponent:60 - No mode defined for component null
2023-11-06 20:44:18,064 [WARN] ModelIntegratedComponent:60 - No mode defined for component null
2023-11-06 20:44:18,065 [WARN] ModelIntegratedComponent:60 - No mode defined for component null
2023-11-06 20:44:18,065 [WARN] ModelIntegratedComponent:60 - No mode defined for component null
2023-11-06 20:44:18,065 [WARN] ModelIntegratedComponent:60 - No mode defined for component null
2023-11-06 20:44:18,065 [WARN] ModelIntegratedComponent:60 - No mode defined for component null
2023-11-06 20:44:18,065 [WARN] ModelIntegratedComponent:60 - No mode defined for component null
2023-11-06 20:44:18,178 [WARN] ApiManager:304 - Cannot register API 'Board Extension:IKS01A3' from pack STMicroelectronics.X-CUBE-MEMS1.10.0.0: no header file found
2023-11-06 20:44:18,179 [WARN] ApiManager:304 - Cannot register API 'Board Extension:IKS02A1' from pack STMicroelectronics.X-CUBE-MEMS1.10.0.0: no header file found
2023-11-06 20:44:18,179 [WARN] ApiManager:304 - Cannot register API 'Board Extension:IKS4A1' from pack STMicroelectronics.X-CUBE-MEMS1.10.0.0: no header file found
2023-11-06 20:44:18,184 [WARN] ApiManager:304 - Cannot register API 'Board Extension:NFC07A1' from pack STMicroelectronics.X-CUBE-NFC7.1.0.1: no header file found
2023-11-06 20:44:18,186 [WARN] ApiManager:304 - Cannot register API 'Board Extension:NFC06A1' from pack STMicroelectronics.X-CUBE-NFC6.3.0.0: no header file found
2023-11-06 20:44:18,186 [WARN] ApiManager:304 - Cannot register API 'Board Extension:NFC08A1' from pack STMicroelectronics.X-CUBE-NFC6.3.0.0: no header file found
2023-11-06 20:44:18,187 [WARN] ApiManager:304 - Cannot register API 'Board Extension:EEPRMA1' from pack STMicroelectronics.X-CUBE-EEPRMA1.4.1.0: no header file found
2023-11-06 20:44:18,187 [WARN] ApiManager:304 - Cannot register API 'Board Extension:EEPRMA2' from pack STMicroelectronics.X-CUBE-EEPRMA1.4.1.0: no header file found
2023-11-06 20:44:18,187 [WARN] ApiManager:304 - Cannot register API 'Board Extension:PGEEZ1' from pack STMicroelectronics.X-CUBE-EEPRMA1.4.1.0: no header file found
2023-11-06 20:44:18,187 [WARN] ApiManager:304 - Cannot register API 'Board Part:M24' from pack STMicroelectronics.X-CUBE-EEPRMA1.4.1.0: no header file found
2023-11-06 20:44:18,187 [WARN] ApiManager:304 - Cannot register API 'Board Part:M95' from pack STMicroelectronics.X-CUBE-EEPRMA1.4.1.0: no header file found
2023-11-06 20:44:18,187 [WARN] ApiManager:304 - Cannot register API 'Board Part:M95P32' from pack STMicroelectronics.X-CUBE-EEPRMA1.4.1.0: no header file found
2023-11-06 20:44:18,187 [WARN] ApiManager:304 - Cannot register API 'PGEEZ1:SPI' from pack STMicroelectronics.X-CUBE-EEPRMA1.4.1.0: no header file found
2023-11-06 20:44:18,187 [WARN] ApiManager:304 - Cannot register API 'PGEEZ1:QDSPI' from pack STMicroelectronics.X-CUBE-EEPRMA1.4.1.0: no header file found
2023-11-06 20:44:18,298 [WARN] ApiManager:304 - Cannot register API 'Board Extension:IKS01A3' from pack STMicroelectronics.X-CUBE-MEMS1.9.6.0: no header file found
2023-11-06 20:44:18,298 [WARN] ApiManager:304 - Cannot register API 'Board Extension:IKS01A2' from pack STMicroelectronics.X-CUBE-MEMS1.9.6.0: no header file found
2023-11-06 20:44:18,298 [WARN] ApiManager:304 - Cannot register API 'Board Extension:IKS02A1' from pack STMicroelectronics.X-CUBE-MEMS1.9.6.0: no header file found
2023-11-06 20:44:18,302 [WARN] ApiManager:304 - Cannot register API 'Board Extension:EEPRMA2' from pack STMicroelectronics.X-CUBE-EEPRMA1.4.2.0: no header file found
2023-11-06 20:44:18,302 [WARN] ApiManager:304 - Cannot register API 'Board Extension:PGEEZ1' from pack STMicroelectronics.X-CUBE-EEPRMA1.4.2.0: no header file found
2023-11-06 20:44:18,302 [WARN] ApiManager:304 - Cannot register API 'Board Part:M24' from pack STMicroelectronics.X-CUBE-EEPRMA1.4.2.0: no header file found
2023-11-06 20:44:18,302 [WARN] ApiManager:304 - Cannot register API 'Board Part:M95' from pack STMicroelectronics.X-CUBE-EEPRMA1.4.2.0: no header file found
2023-11-06 20:44:18,302 [WARN] ApiManager:304 - Cannot register API 'Board Part:M95P32' from pack STMicroelectronics.X-CUBE-EEPRMA1.4.2.0: no header file found
2023-11-06 20:44:18,302 [WARN] ApiManager:304 - Cannot register API 'PGEEZ1:SPI' from pack STMicroelectronics.X-CUBE-EEPRMA1.4.2.0: no header file found
2023-11-06 20:44:18,302 [WARN] ApiManager:304 - Cannot register API 'PGEEZ1:QDSPI' from pack STMicroelectronics.X-CUBE-EEPRMA1.4.2.0: no header file found
2023-11-06 20:44:18,306 [INFO] RtosManager:484 - Registered RTOS mode: class=CMSIS, group=RTOS, mode=CMSIS_V1, owner=FREERTOS
2023-11-06 20:44:18,306 [INFO] RtosManager:484 - Registered RTOS mode: class=CMSIS, group=RTOS2, mode=CMSIS_V2, owner=FREERTOS
2023-11-06 20:44:18,306 [INFO] RtosManager:484 - Registered RTOS mode: class=RTOS, group=Core, mode=CMSIS_V1, owner=FREERTOS
2023-11-06 20:44:18,307 [INFO] RtosManager:484 - Registered RTOS mode: class=RTOS, group=Core, mode=CMSIS_V2, owner=FREERTOS
2023-11-06 20:44:18,307 [WARN] ModelIntegratedComponent:181 - Missing modes for component STMicroelectronics:FreeRTOS:0.0.1:STMicroelectronics:RTOS:FreeRTOS:Core:::10.2.0:
2023-11-06 20:44:18,308 [WARN] ApiManager:304 - Cannot register API 'Board Extension:NFC04A1' from pack STMicroelectronics.X-CUBE-NFC4.3.0.0: no header file found
2023-11-06 20:44:18,310 [WARN] ApiManager:304 - Cannot register API 'Board Extension:S2868A1' from pack STMicroelectronics.X-CUBE-SUBG2.5.0.0: no header file found
2023-11-06 20:44:18,310 [WARN] ApiManager:304 - Cannot register API 'Board Extension:S2868A2' from pack STMicroelectronics.X-CUBE-SUBG2.5.0.0: no header file found
2023-11-06 20:44:18,310 [WARN] ApiManager:304 - Cannot register API 'Board Extension:S2915A1' from pack STMicroelectronics.X-CUBE-SUBG2.5.0.0: no header file found
2023-11-06 20:44:18,311 [WARN] ApiManager:304 - Cannot register API 'Board Extension:S2868A1' from pack STMicroelectronics.X-CUBE-SFXS2LP1.4.0.0: no header file found
2023-11-06 20:44:18,311 [WARN] ApiManager:304 - Cannot register API 'Board Extension:S2868A2' from pack STMicroelectronics.X-CUBE-SFXS2LP1.4.0.0: no header file found
2023-11-06 20:44:18,312 [WARN] ApiManager:304 - Cannot register API 'Board Extension:S2915A1' from pack STMicroelectronics.X-CUBE-SFXS2LP1.4.0.0: no header file found
2023-11-06 20:44:18,312 [WARN] ApiManager:304 - Cannot register API 'Wireless:BlueNRG-2' from pack STMicroelectronics.X-CUBE-BLE2.3.3.0: no header file found
2023-11-06 20:44:20,035 [INFO] UtilMem:74 - End LoadConfig() Used Memory: 383580928 Bytes (558891008)
2023-11-06 20:44:20,036 [WARN] ThirdParty:779 - waiting for thirdparty lock release [change project]
2023-11-06 20:44:20,036 [INFO] ThirdParty:781 - entering critical section [change project]
2023-11-06 20:44:20,036 [INFO] ThirdParty:967 - CMSIS Pack Vendor :STMicroelectronics X-CUBE-ISPU 1.1.0
2023-11-06 20:44:20,037 [INFO] ThirdParty:967 - CMSIS Pack Vendor :STMicroelectronics X-CUBE-GNSS1 6.0.0
2023-11-06 20:44:20,037 [INFO] ThirdParty:967 - CMSIS Pack Vendor :STMicroelectronics USB_HOST 2.0.0
2023-11-06 20:44:20,037 [INFO] ThirdParty:967 - CMSIS Pack Vendor :STMicroelectronics X-CUBE-AZRTOS-F4 1.1.0
2023-11-06 20:44:20,037 [INFO] ThirdParty:967 - CMSIS Pack Vendor :STMicroelectronics FP-ATR-SIGFOX1 3.2.0
2023-11-06 20:44:20,037 [INFO] ThirdParty:967 - CMSIS Pack Vendor :wolfSSL I-CUBE-wolfSSL 5.6.3
2023-11-06 20:44:20,037 [INFO] ThirdParty:967 - CMSIS Pack Vendor :STMicroelectronics USB_DEVICE 3.0.0
2023-11-06 20:44:20,037 [INFO] ThirdParty:967 - CMSIS Pack Vendor :STMicroelectronics HAL Drivers 0.0.0
2023-11-06 20:44:20,037 [INFO] ThirdParty:967 - CMSIS Pack Vendor :STMicroelectronics MBEDTLS 2.16.2
2023-11-06 20:44:20,037 [INFO] ThirdParty:967 - CMSIS Pack Vendor :STMicroelectronics X-CUBE-AZRTOS-WB 2.0.0
2023-11-06 20:44:20,037 [INFO] ThirdParty:967 - CMSIS Pack Vendor :STMicroelectronics X-CUBE-MEMS1 10.0.0
2023-11-06 20:44:20,037 [INFO] ThirdParty:967 - CMSIS Pack Vendor :STMicroelectronics X-CUBE-TOUCHGFX 4.22.0
2023-11-06 20:44:20,037 [INFO] ThirdParty:967 - CMSIS Pack Vendor :STMicroelectronics X-CUBE-NFC7 1.0.1
2023-11-06 20:44:20,037 [INFO] ThirdParty:967 - CMSIS Pack Vendor :STMicroelectronics MBEDTLS 2.14.1
2023-11-06 20:44:20,037 [INFO] ThirdParty:967 - CMSIS Pack Vendor :STMicroelectronics X-CUBE-TOUCHGFX 4.22.1
2023-11-06 20:44:20,037 [INFO] ThirdParty:967 - CMSIS Pack Vendor :STMicroelectronics X-CUBE-AZRTOS-F7 1.1.0
2023-11-06 20:44:20,037 [INFO] ThirdParty:967 - CMSIS Pack Vendor :STMicroelectronics X-CUBE-AZRTOS-L5 2.0.0
2023-11-06 20:44:20,037 [INFO] ThirdParty:967 - CMSIS Pack Vendor :STMicroelectronics X-CUBE-NFC6 3.0.0
2023-11-06 20:44:20,037 [INFO] ThirdParty:967 - CMSIS Pack Vendor :STMicroelectronics X-CUBE-EEPRMA1 4.1.0
2023-11-06 20:44:20,037 [INFO] ThirdParty:967 - CMSIS Pack Vendor :portGmbH I-Cube-SoM-uGOAL 1.1.0
2023-11-06 20:44:20,037 [INFO] ThirdParty:967 - CMSIS Pack Vendor :STMicroelectronics X-CUBE-ALS 1.0.1
2023-11-06 20:44:20,037 [INFO] ThirdParty:967 - CMSIS Pack Vendor :STMicroelectronics USB_DEVICE 2.0.0
2023-11-06 20:44:20,037 [INFO] ThirdParty:967 - CMSIS Pack Vendor :STMicroelectronics X-CUBE-MEMS1 9.6.0
2023-11-06 20:44:20,037 [INFO] ThirdParty:967 - CMSIS Pack Vendor :STMicroelectronics X-CUBE-EEPRMA1 4.2.0
2023-11-06 20:44:20,037 [INFO] ThirdParty:967 - CMSIS Pack Vendor :STMicroelectronics X-CUBE-AZRTOS-WL 2.0.0
2023-11-06 20:44:20,037 [INFO] ThirdParty:967 - CMSIS Pack Vendor :STMicroelectronics X-CUBE-ALGOBUILD 1.3.0
2023-11-06 20:44:20,037 [INFO] ThirdParty:967 - CMSIS Pack Vendor :SEGGER I-CUBE-embOS 1.3.1
2023-11-06 20:44:20,037 [INFO] ThirdParty:967 - CMSIS Pack Vendor :STMicroelectronics FreeRTOS 0.0.1
2023-11-06 20:44:20,037 [INFO] ThirdParty:967 - CMSIS Pack Vendor :STMicroelectronics X-CUBE-AZRTOS-G0 1.1.0
2023-11-06 20:44:20,037 [INFO] ThirdParty:967 - CMSIS Pack Vendor :STMicroelectronics USB_DEVICE 1.0.0
2023-11-06 20:44:20,037 [INFO] ThirdParty:967 - CMSIS Pack Vendor :STMicroelectronics X-CUBE-BLEMGR 2.0.0
2023-11-06 20:44:20,037 [INFO] ThirdParty:967 - CMSIS Pack Vendor :STMicroelectronics X-CUBE-NFC4 3.0.0
2023-11-06 20:44:20,037 [INFO] ThirdParty:967 - CMSIS Pack Vendor :STMicroelectronics X-CUBE-SUBG2 5.0.0
2023-11-06 20:44:20,038 [INFO] ThirdParty:967 - CMSIS Pack Vendor :STMicroelectronics X-CUBE-AZRTOS-L4 2.0.0
2023-11-06 20:44:20,038 [INFO] ThirdParty:967 - CMSIS Pack Vendor :STMicroelectronics ThreadX 0.0.2
2023-11-06 20:44:20,038 [INFO] ThirdParty:967 - CMSIS Pack Vendor :WES I-CUBE-Cesium 1.3.0
2023-11-06 20:44:20,038 [INFO] ThirdParty:967 - CMSIS Pack Vendor :STMicroelectronics FP-ATR-ASTRA1 2.0.0
2023-11-06 20:44:20,038 [INFO] ThirdParty:967 - CMSIS Pack Vendor :STMicroelectronics lwIP 2.0.3
2023-11-06 20:44:20,038 [INFO] ThirdParty:967 - CMSIS Pack Vendor :STMicroelectronics lwIP 2.1.2
2023-11-06 20:44:20,038 [INFO] ThirdParty:967 - CMSIS Pack Vendor :STMicroelectronics X-CUBE-SFXS2LP1 4.0.0
2023-11-06 20:44:20,038 [INFO] ThirdParty:967 - CMSIS Pack Vendor :STMicroelectronics X-CUBE-BLE2 3.3.0
2023-11-06 20:44:20,038 [INFO] ThirdParty:967 - CMSIS Pack Vendor :STMicroelectronics USB_HOST 1.0.0
2023-11-06 20:44:20,038 [INFO] ThirdParty:967 - CMSIS Pack Vendor :STMicroelectronics X-CUBE-AZRTOS-G4 2.0.0
2023-11-06 20:44:20,038 [INFO] ThirdParty:967 - CMSIS Pack Vendor :STMicroelectronics PDM2PCM 3.1.0
2023-11-06 20:44:20,038 [INFO] ThirdParty:967 - CMSIS Pack Vendor :STMicroelectronics X-CUBE-AZRTOS-H7 3.1.0
2023-11-06 20:44:20,038 [INFO] ThirdParty:967 - CMSIS Pack Vendor :STMicroelectronics PDM2PCM 3.2.0
2023-11-06 20:44:20,038 [INFO] ThirdParty:967 - CMSIS Pack Vendor :STMicroelectronics PDM2PCM 3.3.0
2023-11-06 20:44:20,038 [INFO] ThirdParty:787 - exiting critical section [change project]
2023-11-06 20:44:20,165 [INFO] PinOutPanel:1463 - setPackage(No Configuration,No Configuration)
2023-11-06 20:44:20,165 [INFO] PinOutPanel:1463 - setPackage(STM32F103C6Tx,LQFP48)
2023-11-06 20:44:20,392 [INFO] UtilMem:74 - Before build in PCC Used Memory: 321108944 Bytes (558891008)
2023-11-06 20:44:20,748 [INFO] UtilMem:74 - After build in PCC Used Memory: 380309848 Bytes (558891008)
2023-11-06 20:44:20,761 [INFO] IPUIPlugin:74 - create IPUIPlugin
2023-11-06 20:44:20,761 [INFO] IPUIPlugin:74 - create IPUIPlugin
2023-11-06 20:44:20,761 [INFO] IPUIPlugin:74 - create IPUIPlugin
2023-11-06 20:44:20,761 [INFO] IPUIPlugin:74 - create IPUIPlugin
2023-11-06 20:44:20,761 [INFO] IPUIPlugin:74 - create IPUIPlugin
2023-11-06 20:44:20,761 [INFO] IPUIPlugin:74 - create IPUIPlugin
2023-11-06 20:44:20,761 [INFO] IPUIPlugin:74 - create IPUIPlugin
2023-11-06 20:44:20,761 [INFO] IPUIPlugin:74 - create IPUIPlugin
2023-11-06 20:44:20,762 [INFO] IPUIPlugin:74 - create IPUIPlugin
2023-11-06 20:44:20,762 [INFO] IPUIPlugin:74 - create IPUIPlugin
2023-11-06 20:44:20,762 [INFO] IPUIPlugin:74 - create IPUIPlugin
2023-11-06 20:44:20,762 [INFO] IPUIPlugin:74 - create IPUIPlugin
2023-11-06 20:44:20,762 [INFO] IPUIPlugin:74 - create IPUIPlugin
2023-11-06 20:44:20,762 [INFO] IPUIPlugin:74 - create IPUIPlugin
2023-11-06 20:44:20,762 [INFO] IPUIPlugin:74 - create IPUIPlugin
2023-11-06 20:44:20,763 [INFO] IPUIPlugin:74 - create IPUIPlugin
2023-11-06 20:44:20,763 [INFO] IPUIPlugin:74 - create IPUIPlugin
2023-11-06 20:44:20,763 [INFO] IPUIPlugin:74 - create IPUIPlugin
2023-11-06 20:44:20,763 [INFO] IPUIPlugin:74 - create IPUIPlugin
2023-11-06 20:44:20,764 [INFO] IPUIPlugin:74 - create IPUIPlugin
2023-11-06 20:44:20,764 [INFO] IPUIPlugin:74 - create IPUIPlugin
2023-11-06 20:44:20,764 [INFO] IPUIPlugin:74 - create IPUIPlugin
2023-11-06 20:44:20,764 [INFO] IPUIPlugin:74 - create IPUIPlugin
2023-11-06 20:44:20,827 [INFO] OpenFileManager:333 - Restore cursor
2023-11-06 20:44:20,999 [INFO] UtilMem:74 - End SaveConfig() Used Memory: 360950792 Bytes (558891008)
2023-11-06 20:44:21,026 [INFO] UtilMem:74 - End SaveConfig() Used Memory: 373708064 Bytes (558891008)
2023-11-06 20:44:21,243 [INFO] BlockDiagram:2740 - set Specific Code input for plugin: NVIC
2023-11-06 20:44:21,243 [INFO] BlockDiagram:2740 - set Specific Code input for plugin: SYS
2023-11-06 20:44:21,243 [INFO] BlockDiagram:2740 - set Specific Code input for plugin: RCC
2023-11-06 20:44:21,244 [INFO] CodeGenerator:663 - code generatio: config db path: D:\STM32CubeIDE_1.7.0\STM32CubeIDE\plugins\com.st.stm32cube.common.mx_6.3.0.202107141111\\db\
2023-11-06 20:44:21,421 [INFO] CodeEngine:239 - oldGeneratedFile, D:\STM32CubeIDE_1.7.0\finallab3\LAB3ffff\MXTmpFiles\license.tmp_save
2023-11-06 20:44:21,663 [INFO] CodeEngine:257 - Generated code: D:\STM32CubeIDE_1.7.0\finallab3\LAB3ffff\MXTmpFiles\license.tmp
2023-11-06 20:44:21,718 [INFO] CodeEngine:239 - oldGeneratedFile, D:\STM32CubeIDE_1.7.0\finallab3\LAB3ffff\Core\Src\stm32f1xx_it.c_save
2023-11-06 20:44:21,801 [INFO] CodeEngine:257 - Generated code: D:\STM32CubeIDE_1.7.0\finallab3\LAB3ffff\Core\Src\stm32f1xx_it.c
2023-11-06 20:44:21,802 [INFO] CodeEngine:239 - oldGeneratedFile, D:\STM32CubeIDE_1.7.0\finallab3\LAB3ffff\Core\Inc\stm32f1xx_it.h_save
2023-11-06 20:44:21,839 [INFO] CodeEngine:257 - Generated code: D:\STM32CubeIDE_1.7.0\finallab3\LAB3ffff\Core\Inc\stm32f1xx_it.h
2023-11-06 20:44:21,843 [INFO] CodeEngine:239 - oldGeneratedFile, D:\STM32CubeIDE_1.7.0\finallab3\LAB3ffff\Core\Src\stm32f1xx_hal_msp.c_save
2023-11-06 20:44:21,914 [INFO] CodeEngine:257 - Generated code: D:\STM32CubeIDE_1.7.0\finallab3\LAB3ffff\Core\Src\stm32f1xx_hal_msp.c
2023-11-06 20:44:21,915 [INFO] CodeEngine:239 - oldGeneratedFile, D:\STM32CubeIDE_1.7.0\finallab3\LAB3ffff\MXTmpFiles\system.tmp_save
2023-11-06 20:44:21,949 [INFO] CodeEngine:257 - Generated code: D:\STM32CubeIDE_1.7.0\finallab3\LAB3ffff\MXTmpFiles\system.tmp
2023-11-06 20:44:21,952 [INFO] CodeEngine:239 - oldGeneratedFile, D:\STM32CubeIDE_1.7.0\finallab3\LAB3ffff\Core\Inc\stm32f1xx_hal_conf.h_save
2023-11-06 20:44:22,005 [INFO] CodeEngine:257 - Generated code: D:\STM32CubeIDE_1.7.0\finallab3\LAB3ffff\Core\Inc\stm32f1xx_hal_conf.h
2023-11-06 20:44:22,024 [INFO] CodeEngine:239 - oldGeneratedFile, D:\STM32CubeIDE_1.7.0\finallab3\LAB3ffff\Core\Inc\main.h_save
2023-11-06 20:44:22,071 [INFO] CodeEngine:257 - Generated code: D:\STM32CubeIDE_1.7.0\finallab3\LAB3ffff\Core\Inc\main.h
2023-11-06 20:44:22,072 [INFO] CodeEngine:239 - oldGeneratedFile, D:\STM32CubeIDE_1.7.0\finallab3\LAB3ffff\Core\Src\main.c_save
2023-11-06 20:44:22,145 [INFO] CodeEngine:257 - Generated code: D:\STM32CubeIDE_1.7.0\finallab3\LAB3ffff\Core\Src\main.c
2023-11-06 20:44:22,665 [INFO] ProjectBuilder:2578 - Time for Copy HAL[1] : 27mS.
2023-11-06 20:44:22,668 [INFO] ProjectBuilder:3622 - Project Generator version: 3.14.1
2023-11-06 20:44:22,971 [INFO] ConfigFileManager:1271 - The Die is : DIE412
2023-11-06 20:44:22,979 [INFO] ApiDbMcu:468 - Load IP Config File for FATFS
2023-11-06 20:44:22,996 [INFO] ApiDbMcu:468 - Load IP Config File for FREERTOS
2023-11-06 20:44:23,009 [INFO] ApiDbMcu:468 - Load IP Config File for USB_DEVICE
2023-11-06 20:44:24,960 [INFO] ProjectBuilder:3789 - Time for Generating toolchain IDE Files: 2292mS.
2023-11-06 20:44:24,961 [INFO] ProjectBuilder:2457 - Time for Copy CMSIS : 0mS.
2023-11-06 20:44:24,968 [INFO] ProjectBuilder:2457 - Time for Copy CMSIS : 0mS.
2023-11-06 20:44:25,669 [INFO] McuFinderGlobals:52 - Set McuFinderConnectedMode to true
2023-11-06 20:44:25,670 [INFO] ApiDb:276 - Save user favorites file C:\Users\Acer/.stm32cubeide/favorites.mcus.txt: 0 item(s)
2023-11-06 20:44:25,670 [INFO] ApiDb:280 - User favorites MCUs=[]
